<?xml version="1.0" encoding="UTF-8"?>
<!-- Generated by org.testng.reporters.JUnitReportReporter -->
<testsuite hostname="DESKTOP-Q2RM1HI" failures="0" tests="1" name="selenium_basics.Orange_Hrm_login_edge" time="9.861" errors="0" timestamp="2022-01-11T09:31:18 IST" skipped="0">
  <testcase classname="selenium_basics.Orange_Hrm_login_edge" name="logininalidUsernamePassword" time="9.861"/>
  <system-out/>
</testsuite> <!-- selenium_basics.Orange_Hrm_login_edge -->
